<?xml version="1.0" encoding="UTF-8"?>
<!-- Generated by org.testng.reporters.JUnitReportReporter -->
<testsuite ignored="0" hostname="DESKTOP-QGGTDR1" failures="0" tests="1" name="resigistration.MavenTest1" time="6.723" errors="0" timestamp="16 May 2021 08:06:34 GMT" skipped="0">
  <testcase classname="resigistration.MavenTest1" name="enter_the_Username_and_Password" time="6.723"/>
</testsuite> <!-- resigistration.MavenTest1 -->
