<?xml version="1.0" encoding="UTF-8"?>
<!-- Generated by org.testng.reporters.JUnitReportReporter -->
<testsuite ignored="0" hostname="DESKTOP-QGGTDR1" failures="0" tests="1" name="resigistration.MavenTest1" time="36.401" errors="0" timestamp="16 May 2021 10:10:56 GMT" skipped="0">
  <testcase classname="resigistration.MavenTest1" name="test_compose_button" time="36.401"/>
</testsuite> <!-- resigistration.MavenTest1 -->
